c:\users\david\documents\code\picin\picin\cvengine_wrapper\x64\debug\cvengine_wrapper.pch
c:\users\david\documents\code\picin\picin\cvengine_wrapper\x64\debug\vc141.pdb
c:\users\david\documents\code\picin\picin\cvengine_wrapper\x64\debug\stdafx.obj
c:\users\david\documents\code\picin\picin\cvengine_wrapper\x64\debug\cvengine_wrapper.obj
c:\users\david\documents\code\picin\picin\cvengine_wrapper\x64\debug\cvengine.obj
c:\users\david\documents\code\picin\picin\cvengine_wrapper\x64\debug\assemblyinfo.obj
c:\users\david\documents\code\picin\picin\cvengine_wrapper\x64\debug\.netframework,version=v4.6.1.assemblyattributes.obj
c:\users\david\documents\code\picin\picin\cvengine_wrapper\x64\debug\.netframework,version=v4.6.1.assemblyattributes.asm
c:\users\david\documents\code\picin\picin\x64\debug\cvengine_wrapper.dll
c:\users\david\documents\code\picin\picin\x64\debug\cvengine_wrapper.pdb
c:\users\david\documents\code\picin\picin\cvengine_wrapper\x64\debug\app.res
c:\users\david\documents\code\picin\picin\cvengine_wrapper\x64\debug\cvengine_wrapper.tlog\cl.command.1.tlog
c:\users\david\documents\code\picin\picin\cvengine_wrapper\x64\debug\cvengine_wrapper.tlog\cl.read.1.tlog
c:\users\david\documents\code\picin\picin\cvengine_wrapper\x64\debug\cvengine_wrapper.tlog\cl.write.1.tlog
c:\users\david\documents\code\picin\picin\cvengine_wrapper\x64\debug\cvengine_wrapper.tlog\link.command.1.tlog
c:\users\david\documents\code\picin\picin\cvengine_wrapper\x64\debug\cvengine_wrapper.tlog\link.read.1.tlog
c:\users\david\documents\code\picin\picin\cvengine_wrapper\x64\debug\cvengine_wrapper.tlog\link.write.1.tlog
c:\users\david\documents\code\picin\picin\cvengine_wrapper\x64\debug\cvengine_wrapper.tlog\metagen.read.1.tlog
c:\users\david\documents\code\picin\picin\cvengine_wrapper\x64\debug\cvengine_wrapper.tlog\metagen.write.1.tlog
c:\users\david\documents\code\picin\picin\cvengine_wrapper\x64\debug\cvengine_wrapper.tlog\rc.command.1.tlog
c:\users\david\documents\code\picin\picin\cvengine_wrapper\x64\debug\cvengine_wrapper.tlog\rc.read.1.tlog
c:\users\david\documents\code\picin\picin\cvengine_wrapper\x64\debug\cvengine_wrapper.tlog\rc.write.1.tlog
