  CVProcessor.cpp
  Image.cpp
c:\users\david\documents\code\picin\picin\cvengine\image.cpp(89): warning C4101: 'e': unreferenced local variable
  Tools.cpp
  Generating Code...
Tools.obj : warning LNK4006: "public: __cdecl cv::String::String(class std::basic_string<char,struct std::char_traits<char>,class std::allocator<char> > const &)" (??0String@cv@@QEAA@AEBV?$basic_string@DU?$char_traits@D@std@@V?$allocator@D@2@@std@@@Z) already defined in opencv_world342d.lib(opencv_world342d.dll); second definition ignored
Tools.obj : warning LNK4006: "public: __cdecl cv::Mat::~Mat(void)" (??1Mat@cv@@QEAA@XZ) already defined in opencv_world342d.lib(opencv_world342d.dll); second definition ignored
Tools.obj : warning LNK4006: "public: __cdecl cv::String::~String(void)" (??1String@cv@@QEAA@XZ) already defined in opencv_world342d.lib(opencv_world342d.dll); second definition ignored
Tools.obj : warning LNK4006: "public: void __cdecl cv::Mat::release(void)" (?release@Mat@cv@@QEAAXXZ) already defined in opencv_world342d.lib(opencv_world342d.dll); second definition ignored
Image.obj : warning LNK4006: "public: __cdecl cv::Mat::Mat(class cv::Mat const &)" (??0Mat@cv@@QEAA@AEBV01@@Z) already defined in opencv_world342d.lib(opencv_world342d.dll); second definition ignored
Image.obj : warning LNK4006: "public: __cdecl cv::Mat::Mat(void)" (??0Mat@cv@@QEAA@XZ) already defined in opencv_world342d.lib(opencv_world342d.dll); second definition ignored
Image.obj : warning LNK4006: "public: __cdecl cv::MatSize::MatSize(int *)" (??0MatSize@cv@@QEAA@PEAH@Z) already defined in opencv_world342d.lib(opencv_world342d.dll); second definition ignored
Image.obj : warning LNK4006: "public: __cdecl cv::MatStep::MatStep(unsigned __int64)" (??0MatStep@cv@@QEAA@_K@Z) already defined in opencv_world342d.lib(opencv_world342d.dll); second definition ignored
Image.obj : warning LNK4006: "public: __cdecl cv::String::String(char const *)" (??0String@cv@@QEAA@PEBD@Z) already defined in opencv_world342d.lib(opencv_world342d.dll); second definition ignored
Image.obj : warning LNK4006: "public: __cdecl cv::debug_build_guard::_InputArray::_InputArray(class cv::Mat const &)" (??0_InputArray@debug_build_guard@cv@@QEAA@AEBVMat@2@@Z) already defined in opencv_world342d.lib(opencv_world342d.dll); second definition ignored
Image.obj : warning LNK4006: "public: __cdecl cv::debug_build_guard::_InputArray::_InputArray(void)" (??0_InputArray@debug_build_guard@cv@@QEAA@XZ) already defined in opencv_world342d.lib(opencv_world342d.dll); second definition ignored
Image.obj : warning LNK4006: "public: __cdecl cv::debug_build_guard::_OutputArray::_OutputArray(class cv::Mat &)" (??0_OutputArray@debug_build_guard@cv@@QEAA@AEAVMat@2@@Z) already defined in opencv_world342d.lib(opencv_world342d.dll); second definition ignored
Image.obj : warning LNK4006: "public: __cdecl cv::Mat::~Mat(void)" (??1Mat@cv@@QEAA@XZ) already defined in opencv_world342d.lib(opencv_world342d.dll); second definition ignored
Image.obj : warning LNK4006: "public: __cdecl cv::String::~String(void)" (??1String@cv@@QEAA@XZ) already defined in opencv_world342d.lib(opencv_world342d.dll); second definition ignored
Image.obj : warning LNK4006: "public: __cdecl cv::debug_build_guard::_InputArray::~_InputArray(void)" (??1_InputArray@debug_build_guard@cv@@QEAA@XZ) already defined in opencv_world342d.lib(opencv_world342d.dll); second definition ignored
Image.obj : warning LNK4006: "public: __cdecl cv::debug_build_guard::_OutputArray::~_OutputArray(void)" (??1_OutputArray@debug_build_guard@cv@@QEAA@XZ) already defined in opencv_world342d.lib(opencv_world342d.dll); second definition ignored
Image.obj : warning LNK4006: "public: unsigned __int64 & __cdecl cv::MatStep::operator[](int)" (??AMatStep@cv@@QEAAAEA_KH@Z) already defined in opencv_world342d.lib(opencv_world342d.dll); second definition ignored
Image.obj : warning LNK4006: "public: unsigned __int64 const & __cdecl cv::MatStep::operator[](int)const " (??AMatStep@cv@@QEBAAEB_KH@Z) already defined in opencv_world342d.lib(opencv_world342d.dll); second definition ignored
Image.obj : warning LNK4006: "public: int __cdecl cv::Mat::channels(void)const " (?channels@Mat@cv@@QEBAHXZ) already defined in opencv_world342d.lib(opencv_world342d.dll); second definition ignored
Image.obj : warning LNK4006: "protected: void __cdecl cv::debug_build_guard::_InputArray::init(int,void const *)" (?init@_InputArray@debug_build_guard@cv@@IEAAXHPEBX@Z) already defined in opencv_world342d.lib(opencv_world342d.dll); second definition ignored
Image.obj : warning LNK4006: "public: bool __cdecl cv::Mat::isContinuous(void)const " (?isContinuous@Mat@cv@@QEBA_NXZ) already defined in opencv_world342d.lib(opencv_world342d.dll); second definition ignored
Image.obj : warning LNK4006: "public: void __cdecl cv::Mat::release(void)" (?release@Mat@cv@@QEAAXXZ) already defined in opencv_world342d.lib(opencv_world342d.dll); second definition ignored
CVProcessor.obj : warning LNK4006: "public: __cdecl cv::Mat::Mat(class cv::Mat const &)" (??0Mat@cv@@QEAA@AEBV01@@Z) already defined in opencv_world342d.lib(opencv_world342d.dll); second definition ignored
CVProcessor.obj : warning LNK4006: "public: __cdecl cv::MatSize::MatSize(int *)" (??0MatSize@cv@@QEAA@PEAH@Z) already defined in opencv_world342d.lib(opencv_world342d.dll); second definition ignored
CVProcessor.obj : warning LNK4006: "public: __cdecl cv::MatStep::MatStep(unsigned __int64)" (??0MatStep@cv@@QEAA@_K@Z) already defined in opencv_world342d.lib(opencv_world342d.dll); second definition ignored
CVProcessor.obj : warning LNK4006: "public: __cdecl cv::String::String(class cv::String const &)" (??0String@cv@@QEAA@AEBV01@@Z) already defined in opencv_world342d.lib(opencv_world342d.dll); second definition ignored
CVProcessor.obj : warning LNK4006: "public: __cdecl cv::String::String(class std::basic_string<char,struct std::char_traits<char>,class std::allocator<char> > const &)" (??0String@cv@@QEAA@AEBV?$basic_string@DU?$char_traits@D@std@@V?$allocator@D@2@@std@@@Z) already defined in opencv_world342d.lib(opencv_world342d.dll); second definition ignored
CVProcessor.obj : warning LNK4006: "public: __cdecl cv::String::String(char const *)" (??0String@cv@@QEAA@PEBD@Z) already defined in opencv_world342d.lib(opencv_world342d.dll); second definition ignored
CVProcessor.obj : warning LNK4006: "public: __cdecl cv::debug_build_guard::_InputArray::_InputArray(class cv::Mat const &)" (??0_InputArray@debug_build_guard@cv@@QEAA@AEBVMat@2@@Z) already defined in opencv_world342d.lib(opencv_world342d.dll); second definition ignored
CVProcessor.obj : warning LNK4006: "public: __cdecl cv::Mat::~Mat(void)" (??1Mat@cv@@QEAA@XZ) already defined in opencv_world342d.lib(opencv_world342d.dll); second definition ignored
CVProcessor.obj : warning LNK4006: "public: __cdecl cv::String::~String(void)" (??1String@cv@@QEAA@XZ) already defined in opencv_world342d.lib(opencv_world342d.dll); second definition ignored
CVProcessor.obj : warning LNK4006: "public: __cdecl cv::debug_build_guard::_InputArray::~_InputArray(void)" (??1_InputArray@debug_build_guard@cv@@QEAA@XZ) already defined in opencv_world342d.lib(opencv_world342d.dll); second definition ignored
CVProcessor.obj : warning LNK4006: "public: class cv::String & __cdecl cv::String::operator=(class cv::String const &)" (??4String@cv@@QEAAAEAV01@AEBV01@@Z) already defined in opencv_world342d.lib(opencv_world342d.dll); second definition ignored
CVProcessor.obj : warning LNK4006: "public: unsigned __int64 & __cdecl cv::MatStep::operator[](int)" (??AMatStep@cv@@QEAAAEA_KH@Z) already defined in opencv_world342d.lib(opencv_world342d.dll); second definition ignored
CVProcessor.obj : warning LNK4006: "public: unsigned __int64 const & __cdecl cv::MatStep::operator[](int)const " (??AMatStep@cv@@QEBAAEB_KH@Z) already defined in opencv_world342d.lib(opencv_world342d.dll); second definition ignored
CVProcessor.obj : warning LNK4006: "public: char const * __cdecl cv::String::c_str(void)const " (?c_str@String@cv@@QEBAPEBDXZ) already defined in opencv_world342d.lib(opencv_world342d.dll); second definition ignored
CVProcessor.obj : warning LNK4006: "protected: void __cdecl cv::debug_build_guard::_InputArray::init(int,void const *)" (?init@_InputArray@debug_build_guard@cv@@IEAAXHPEBX@Z) already defined in opencv_world342d.lib(opencv_world342d.dll); second definition ignored
CVProcessor.obj : warning LNK4006: "public: void __cdecl cv::Mat::release(void)" (?release@Mat@cv@@QEAAXXZ) already defined in opencv_world342d.lib(opencv_world342d.dll); second definition ignored
  CVEngine.vcxproj -> C:\Users\David\Documents\Code\picin\PicIN\x64\Debug\CVEngine.lib
